INFO  [2017-10-27 05:59:43,269] org.eclipse.jetty.util.log: Logging initialized @4301ms to org.eclipse.jetty.util.log.Slf4jLog
INFO  [2017-10-27 05:59:43,439] io.dropwizard.server.DefaultServerFactory: Registering jersey handler with root path prefix: /
INFO  [2017-10-27 05:59:43,441] io.dropwizard.server.DefaultServerFactory: Registering admin handler with root path prefix: /
INFO  [2017-10-27 05:59:43,442] io.dropwizard.assets.AssetsBundle: Registering AssetBundle with name: assets for path /assets/*
INFO  [2017-10-27 05:59:43,522] io.dropwizard.hibernate.SessionFactoryFactory: Entity classes: [com.example.helloworld.core.Person]
INFO  [2017-10-27 05:59:43,609] org.hibernate.dialect.Dialect: HHH000400: Using dialect: org.hibernate.dialect.H2Dialect
INFO  [2017-10-27 05:59:43,633] org.hibernate.type.BasicTypeRegistry: HHH000270: Type registration [java.util.Currency] overrides previous : org.hibernate.type.CurrencyType@3943a2be
INFO  [2017-10-27 05:59:43,634] org.hibernate.type.BasicTypeRegistry: HHH000270: Type registration [java.time.Duration] overrides previous : org.hibernate.type.DurationType@38102d01
INFO  [2017-10-27 05:59:43,634] org.hibernate.type.BasicTypeRegistry: HHH000270: Type registration [java.time.Instant] overrides previous : org.hibernate.type.InstantType@58ea606c
INFO  [2017-10-27 05:59:43,634] org.hibernate.type.BasicTypeRegistry: HHH000270: Type registration [java.time.LocalDate] overrides previous : org.hibernate.type.LocalDateType@6db9f5a4
INFO  [2017-10-27 05:59:43,635] org.hibernate.type.BasicTypeRegistry: HHH000270: Type registration [java.time.LocalDateTime] overrides previous : org.hibernate.type.LocalDateTimeType@291b4bf5
INFO  [2017-10-27 05:59:43,635] org.hibernate.type.BasicTypeRegistry: HHH000270: Type registration [java.time.LocalTime] overrides previous : org.hibernate.type.LocalTimeType@d21a74c
INFO  [2017-10-27 05:59:43,636] org.hibernate.type.BasicTypeRegistry: HHH000270: Type registration [java.time.OffsetDateTime] overrides previous : org.hibernate.type.OffsetDateTimeType@2638011
INFO  [2017-10-27 05:59:43,638] org.hibernate.type.BasicTypeRegistry: HHH000270: Type registration [java.time.OffsetTime] overrides previous : org.hibernate.type.OffsetTimeType@548e6d58
INFO  [2017-10-27 05:59:43,638] org.hibernate.type.BasicTypeRegistry: HHH000270: Type registration [java.time.ZonedDateTime] overrides previous : org.hibernate.type.ZonedDateTimeType@394a2528
INFO  [2017-10-27 05:59:43,648] org.hibernate.hql.internal.QueryTranslatorFactoryInitiator: HHH000397: Using ASTQueryTranslatorFactory
INFO  [2017-10-27 05:59:43,724] io.dropwizard.server.ServerFactory: Starting hello-world
                           web-scale hello world dP for the web
                                                 88
  .d8888b. dP.  .dP .d8888b. 88d8b.d8b. 88d888b. 88 .d8888b.
  88ooood8  `8bd8'  88'  `88 88'`88'`88 88'  `88 88 88ooood8
  88.  ...  .d88b.  88.  .88 88  88  88 88.  .88 88 88.  ...
  `88888P' dP'  `dP `88888P8 dP  dP  dP 88Y888P' dP `88888P'
                                        88
                                        dP

INFO  [2017-10-27 05:59:43,898] org.eclipse.jetty.setuid.SetUIDListener: Opened application@43ab9ae9{HTTP/1.1,[http/1.1]}{0.0.0.0:59596}
INFO  [2017-10-27 05:59:43,898] org.eclipse.jetty.setuid.SetUIDListener: Opened admin@2520aa05{HTTP/1.1,[http/1.1]}{0.0.0.0:59597}
INFO  [2017-10-27 05:59:43,908] org.eclipse.jetty.server.Server: jetty-9.4.7.v20170914
INFO  [2017-10-27 05:59:44,810] io.dropwizard.jersey.DropwizardResourceConfig: The following paths were found for the configured resources:

    GET     /filtered/hello (com.example.helloworld.resources.FilteredResource)
    GET     /hello-world (com.example.helloworld.resources.HelloWorldResource)
    POST    /hello-world (com.example.helloworld.resources.HelloWorldResource)
    GET     /hello-world/date (com.example.helloworld.resources.HelloWorldResource)
    GET     /people (com.example.helloworld.resources.PeopleResource)
    POST    /people (com.example.helloworld.resources.PeopleResource)
    GET     /people/{personId} (com.example.helloworld.resources.PersonResource)
    GET     /people/{personId}/view_freemarker (com.example.helloworld.resources.PersonResource)
    GET     /people/{personId}/view_mustache (com.example.helloworld.resources.PersonResource)
    GET     /protected (com.example.helloworld.resources.ProtectedResource)
    GET     /protected/admin (com.example.helloworld.resources.ProtectedResource)
    GET     /views/iso88591.ftl (com.example.helloworld.resources.ViewResource)
    GET     /views/iso88591.mustache (com.example.helloworld.resources.ViewResource)
    GET     /views/utf8.ftl (com.example.helloworld.resources.ViewResource)
    GET     /views/utf8.mustache (com.example.helloworld.resources.ViewResource)

INFO  [2017-10-27 05:59:44,813] org.eclipse.jetty.server.handler.ContextHandler: Started i.d.j.MutableServletContextHandler@3bc6c10f{/,null,AVAILABLE}
INFO  [2017-10-27 05:59:44,816] io.dropwizard.setup.AdminEnvironment: tasks = 

    POST    /tasks/echo (com.example.helloworld.tasks.EchoTask)
    POST    /tasks/log-level (io.dropwizard.servlets.tasks.LogConfigurationTask)
    POST    /tasks/gc (io.dropwizard.servlets.tasks.GarbageCollectionTask)

INFO  [2017-10-27 05:59:44,834] org.eclipse.jetty.server.handler.ContextHandler: Started i.d.j.MutableServletContextHandler@1dd247b{/,null,AVAILABLE}
INFO  [2017-10-27 05:59:44,862] org.eclipse.jetty.server.AbstractConnector: Started application@43ab9ae9{HTTP/1.1,[http/1.1]}{0.0.0.0:59596}
INFO  [2017-10-27 05:59:44,862] org.eclipse.jetty.server.AbstractConnector: Started admin@2520aa05{HTTP/1.1,[http/1.1]}{0.0.0.0:59597}
INFO  [2017-10-27 05:59:44,863] org.eclipse.jetty.server.Server: Started @5895ms
INFO  [2017-10-27 05:59:45,830] liquibase: Successfully acquired change log lock
INFO  [2017-10-27 05:59:46,888] liquibase: Creating database history table with name: PUBLIC.DATABASECHANGELOG
INFO  [2017-10-27 05:59:46,892] liquibase: Reading from PUBLIC.DATABASECHANGELOG
INFO  [2017-10-27 05:59:46,923] liquibase: migrations.xml: migrations.xml::1::codahale: Table people created
INFO  [2017-10-27 05:59:46,923] liquibase: migrations.xml: migrations.xml::1::codahale: ChangeSet migrations.xml::1::codahale ran successfully in 3ms
INFO  [2017-10-27 05:59:46,942] liquibase: Successfully released change log lock
INFO  [2017-10-27 05:59:47,520] org.hibernate.engine.internal.StatisticalLoggingSessionEventListener: Session Metrics {
    77391 nanoseconds spent acquiring 2 JDBC connections;
    51577 nanoseconds spent releasing 2 JDBC connections;
    8298366 nanoseconds spent preparing 1 JDBC statements;
    1483540 nanoseconds spent executing 1 JDBC statements;
    0 nanoseconds spent executing 0 JDBC batches;
    0 nanoseconds spent performing 0 L2C puts;
    0 nanoseconds spent performing 0 L2C hits;
    0 nanoseconds spent performing 0 L2C misses;
    129157 nanoseconds spent executing 1 flushes (flushing a total of 1 entities and 0 collections);
    0 nanoseconds spent executing 0 partial-flushes (flushing a total of 0 entities and 0 collections)
}
INFO  [2017-10-27 05:59:47,575] org.eclipse.jetty.server.AbstractConnector: Stopped application@43ab9ae9{HTTP/1.1,[http/1.1]}{0.0.0.0:0}
INFO  [2017-10-27 05:59:47,578] org.eclipse.jetty.server.AbstractConnector: Stopped admin@2520aa05{HTTP/1.1,[http/1.1]}{0.0.0.0:0}
INFO  [2017-10-27 05:59:47,580] org.eclipse.jetty.server.handler.ContextHandler: Stopped i.d.j.MutableServletContextHandler@1dd247b{/,null,UNAVAILABLE}
INFO  [2017-10-27 05:59:47,588] org.eclipse.jetty.server.handler.ContextHandler: Stopped i.d.j.MutableServletContextHandler@3bc6c10f{/,null,UNAVAILABLE}
INFO  [2017-10-27 06:07:47,344] org.eclipse.jetty.util.log: Logging initialized @4620ms to org.eclipse.jetty.util.log.Slf4jLog
INFO  [2017-10-27 06:07:47,513] io.dropwizard.server.DefaultServerFactory: Registering jersey handler with root path prefix: /
INFO  [2017-10-27 06:07:47,516] io.dropwizard.server.DefaultServerFactory: Registering admin handler with root path prefix: /
INFO  [2017-10-27 06:07:47,517] io.dropwizard.assets.AssetsBundle: Registering AssetBundle with name: assets for path /assets/*
INFO  [2017-10-27 06:07:47,654] io.dropwizard.hibernate.SessionFactoryFactory: Entity classes: [com.example.helloworld.core.Person]
INFO  [2017-10-27 06:07:47,986] org.hibernate.dialect.Dialect: HHH000400: Using dialect: org.hibernate.dialect.H2Dialect
INFO  [2017-10-27 06:07:48,039] org.hibernate.type.BasicTypeRegistry: HHH000270: Type registration [java.util.Currency] overrides previous : org.hibernate.type.CurrencyType@3943a2be
INFO  [2017-10-27 06:07:48,041] org.hibernate.type.BasicTypeRegistry: HHH000270: Type registration [java.time.Duration] overrides previous : org.hibernate.type.DurationType@38102d01
INFO  [2017-10-27 06:07:48,042] org.hibernate.type.BasicTypeRegistry: HHH000270: Type registration [java.time.Instant] overrides previous : org.hibernate.type.InstantType@58ea606c
INFO  [2017-10-27 06:07:48,052] org.hibernate.type.BasicTypeRegistry: HHH000270: Type registration [java.time.LocalDate] overrides previous : org.hibernate.type.LocalDateType@6db9f5a4
INFO  [2017-10-27 06:07:48,058] org.hibernate.type.BasicTypeRegistry: HHH000270: Type registration [java.time.LocalDateTime] overrides previous : org.hibernate.type.LocalDateTimeType@291b4bf5
INFO  [2017-10-27 06:07:48,079] org.hibernate.type.BasicTypeRegistry: HHH000270: Type registration [java.time.LocalTime] overrides previous : org.hibernate.type.LocalTimeType@d21a74c
INFO  [2017-10-27 06:07:48,081] org.hibernate.type.BasicTypeRegistry: HHH000270: Type registration [java.time.OffsetDateTime] overrides previous : org.hibernate.type.OffsetDateTimeType@2638011
INFO  [2017-10-27 06:07:48,081] org.hibernate.type.BasicTypeRegistry: HHH000270: Type registration [java.time.OffsetTime] overrides previous : org.hibernate.type.OffsetTimeType@548e6d58
INFO  [2017-10-27 06:07:48,084] org.hibernate.type.BasicTypeRegistry: HHH000270: Type registration [java.time.ZonedDateTime] overrides previous : org.hibernate.type.ZonedDateTimeType@394a2528
INFO  [2017-10-27 06:07:48,096] org.hibernate.hql.internal.QueryTranslatorFactoryInitiator: HHH000397: Using ASTQueryTranslatorFactory
INFO  [2017-10-27 06:07:48,153] io.dropwizard.server.ServerFactory: Starting hello-world
                           web-scale hello world dP for the web
                                                 88
  .d8888b. dP.  .dP .d8888b. 88d8b.d8b. 88d888b. 88 .d8888b.
  88ooood8  `8bd8'  88'  `88 88'`88'`88 88'  `88 88 88ooood8
  88.  ...  .d88b.  88.  .88 88  88  88 88.  .88 88 88.  ...
  `88888P' dP'  `dP `88888P8 dP  dP  dP 88Y888P' dP `88888P'
                                        88
                                        dP

INFO  [2017-10-27 06:07:48,524] org.eclipse.jetty.setuid.SetUIDListener: Opened application@26865b57{HTTP/1.1,[http/1.1]}{0.0.0.0:59790}
INFO  [2017-10-27 06:07:48,524] org.eclipse.jetty.setuid.SetUIDListener: Opened admin@46894dc5{HTTP/1.1,[http/1.1]}{0.0.0.0:59791}
INFO  [2017-10-27 06:07:48,528] org.eclipse.jetty.server.Server: jetty-9.4.7.v20170914
INFO  [2017-10-27 06:07:49,609] io.dropwizard.jersey.DropwizardResourceConfig: The following paths were found for the configured resources:

    GET     /filtered/hello (com.example.helloworld.resources.FilteredResource)
    GET     /hello-world (com.example.helloworld.resources.HelloWorldResource)
    POST    /hello-world (com.example.helloworld.resources.HelloWorldResource)
    GET     /hello-world/date (com.example.helloworld.resources.HelloWorldResource)
    GET     /people (com.example.helloworld.resources.PeopleResource)
    POST    /people (com.example.helloworld.resources.PeopleResource)
    GET     /people/{personId} (com.example.helloworld.resources.PersonResource)
    GET     /people/{personId}/view_freemarker (com.example.helloworld.resources.PersonResource)
    GET     /people/{personId}/view_mustache (com.example.helloworld.resources.PersonResource)
    GET     /protected (com.example.helloworld.resources.ProtectedResource)
    GET     /protected/admin (com.example.helloworld.resources.ProtectedResource)
    GET     /views/iso88591.ftl (com.example.helloworld.resources.ViewResource)
    GET     /views/iso88591.mustache (com.example.helloworld.resources.ViewResource)
    GET     /views/utf8.ftl (com.example.helloworld.resources.ViewResource)
    GET     /views/utf8.mustache (com.example.helloworld.resources.ViewResource)

INFO  [2017-10-27 06:07:49,612] org.eclipse.jetty.server.handler.ContextHandler: Started i.d.j.MutableServletContextHandler@4040ccae{/,null,AVAILABLE}
INFO  [2017-10-27 06:07:49,617] io.dropwizard.setup.AdminEnvironment: tasks = 

    POST    /tasks/echo (com.example.helloworld.tasks.EchoTask)
    POST    /tasks/log-level (io.dropwizard.servlets.tasks.LogConfigurationTask)
    POST    /tasks/gc (io.dropwizard.servlets.tasks.GarbageCollectionTask)

INFO  [2017-10-27 06:07:49,626] org.eclipse.jetty.server.handler.ContextHandler: Started i.d.j.MutableServletContextHandler@7f64bd7{/,null,AVAILABLE}
INFO  [2017-10-27 06:07:49,659] org.eclipse.jetty.server.AbstractConnector: Started application@26865b57{HTTP/1.1,[http/1.1]}{0.0.0.0:59790}
INFO  [2017-10-27 06:07:49,663] org.eclipse.jetty.server.AbstractConnector: Started admin@46894dc5{HTTP/1.1,[http/1.1]}{0.0.0.0:59791}
INFO  [2017-10-27 06:07:49,667] org.eclipse.jetty.server.Server: Started @6943ms
INFO  [2017-10-27 06:07:50,722] liquibase: Successfully acquired change log lock
INFO  [2017-10-27 06:07:51,787] liquibase: Creating database history table with name: PUBLIC.DATABASECHANGELOG
INFO  [2017-10-27 06:07:51,792] liquibase: Reading from PUBLIC.DATABASECHANGELOG
INFO  [2017-10-27 06:07:51,805] liquibase: migrations.xml: migrations.xml::1::codahale: Table people created
INFO  [2017-10-27 06:07:51,806] liquibase: migrations.xml: migrations.xml::1::codahale: ChangeSet migrations.xml::1::codahale ran successfully in 4ms
INFO  [2017-10-27 06:07:51,817] liquibase: Successfully released change log lock
INFO  [2017-10-27 06:07:52,463] org.hibernate.engine.internal.StatisticalLoggingSessionEventListener: Session Metrics {
    161848 nanoseconds spent acquiring 2 JDBC connections;
    59596 nanoseconds spent releasing 2 JDBC connections;
    11022049 nanoseconds spent preparing 1 JDBC statements;
    2563688 nanoseconds spent executing 1 JDBC statements;
    0 nanoseconds spent executing 0 JDBC batches;
    0 nanoseconds spent performing 0 L2C puts;
    0 nanoseconds spent performing 0 L2C hits;
    0 nanoseconds spent performing 0 L2C misses;
    166939 nanoseconds spent executing 1 flushes (flushing a total of 1 entities and 0 collections);
    0 nanoseconds spent executing 0 partial-flushes (flushing a total of 0 entities and 0 collections)
}
INFO  [2017-10-27 06:07:52,511] org.eclipse.jetty.server.AbstractConnector: Stopped application@26865b57{HTTP/1.1,[http/1.1]}{0.0.0.0:0}
INFO  [2017-10-27 06:07:52,512] org.eclipse.jetty.server.AbstractConnector: Stopped admin@46894dc5{HTTP/1.1,[http/1.1]}{0.0.0.0:0}
INFO  [2017-10-27 06:07:52,514] org.eclipse.jetty.server.handler.ContextHandler: Stopped i.d.j.MutableServletContextHandler@7f64bd7{/,null,UNAVAILABLE}
INFO  [2017-10-27 06:07:52,519] org.eclipse.jetty.server.handler.ContextHandler: Stopped i.d.j.MutableServletContextHandler@4040ccae{/,null,UNAVAILABLE}
